0 verbose cli E:\Program Files\nodejs\node.exe E:\Program Files\nodejs\node_modules\npm\bin\npm-cli.js
1 info using npm@11.6.2
2 info using node@v25.2.0
3 silly config load:file:E:\Program Files\nodejs\node_modules\npm\npmrc
4 silly config load:file:E:\红色可视化\.npmrc
5 silly config load:file:C:\Users\taiyanbuding\.npmrc
6 silly config load:file:E:\Program Files\nodejs\node_global\etc\npmrc
7 verbose title npm install gh-pages
8 verbose argv "install" "gh-pages" "--save-dev" "--cache" ".npm-cache"
9 verbose logfile logs-max:10 dir:E:\红色可视化\.npm-cache\_logs\2026-05-26T13_46_21_403Z-
10 verbose logfile E:\红色可视化\.npm-cache\_logs\2026-05-26T13_46_21_403Z-debug-0.log
11 silly logfile done cleaning log files
12 silly packumentCache heap:4496293888 maxSize:1124073472 maxEntrySize:562036736
13 verbose shrinkwrap failed to load node_modules/.package-lock.json out of date, updated: node_modules
14 silly idealTree buildDeps
15 silly fetch manifest gh-pages@^6.1.1
16 silly packumentCache full:https://registry.npmmirror.com/gh-pages cache-miss
17 http fetch GET 200 https://registry.npmmirror.com/gh-pages 173ms (cache miss)
18 silly packumentCache full:https://registry.npmmirror.com/gh-pages set size:19523 disposed:false
19 silly placeDep ROOT gh-pages@6.3.0 OK for: red-visualization@1.0.0 want: ^6.1.1
20 silly fetch manifest async@^3.2.4
21 silly packumentCache full:https://registry.npmmirror.com/async cache-miss
22 silly fetch manifest commander@^13.0.0
23 silly packumentCache full:https://registry.npmmirror.com/commander cache-miss
24 silly fetch manifest email-addresses@^5.0.0
25 silly packumentCache full:https://registry.npmmirror.com/email-addresses cache-miss
26 silly fetch manifest filenamify@^4.3.0
27 silly packumentCache full:https://registry.npmmirror.com/filenamify cache-miss
28 silly fetch manifest find-cache-dir@^3.3.1
29 silly packumentCache full:https://registry.npmmirror.com/find-cache-dir cache-miss
30 silly fetch manifest fs-extra@^11.1.1
31 silly packumentCache full:https://registry.npmmirror.com/fs-extra cache-miss
32 silly fetch manifest globby@^11.1.0
33 silly packumentCache full:https://registry.npmmirror.com/globby cache-miss
34 http fetch GET 200 https://registry.npmmirror.com/async 63ms (cache miss)
35 silly packumentCache full:https://registry.npmmirror.com/async set size:31170 disposed:false
36 http fetch GET 200 https://registry.npmmirror.com/find-cache-dir 100ms (cache miss)
37 silly packumentCache full:https://registry.npmmirror.com/find-cache-dir set size:7589 disposed:false
38 http fetch GET 200 https://registry.npmmirror.com/filenamify 107ms (cache miss)
39 silly packumentCache full:https://registry.npmmirror.com/filenamify set size:10539 disposed:false
40 http fetch GET 200 https://registry.npmmirror.com/fs-extra 129ms (cache miss)
41 silly packumentCache full:https://registry.npmmirror.com/fs-extra set size:38787 disposed:false
42 http fetch GET 200 https://registry.npmmirror.com/email-addresses 134ms (cache miss)
43 silly packumentCache full:https://registry.npmmirror.com/email-addresses set size:7216 disposed:false
44 http fetch GET 200 https://registry.npmmirror.com/commander 137ms (cache miss)
45 silly packumentCache full:https://registry.npmmirror.com/commander set size:62204 disposed:false
46 http fetch GET 200 https://registry.npmmirror.com/globby 180ms (cache miss)
47 silly packumentCache full:https://registry.npmmirror.com/globby set size:31617 disposed:false
48 silly placeDep ROOT async@3.2.6 OK for: gh-pages@6.3.0 want: ^3.2.4
49 silly placeDep ROOT commander@13.1.0 OK for: gh-pages@6.3.0 want: ^13.0.0
50 silly placeDep ROOT email-addresses@5.0.0 OK for: gh-pages@6.3.0 want: ^5.0.0
51 silly placeDep ROOT filenamify@4.3.0 OK for: gh-pages@6.3.0 want: ^4.3.0
52 silly placeDep ROOT find-cache-dir@3.3.2 OK for: gh-pages@6.3.0 want: ^3.3.1
53 silly placeDep ROOT fs-extra@11.3.5 OK for: gh-pages@6.3.0 want: ^11.1.1
54 silly placeDep ROOT globby@11.1.0 OK for: gh-pages@6.3.0 want: ^11.1.0
55 silly fetch manifest filename-reserved-regex@^2.0.0
56 silly packumentCache full:https://registry.npmmirror.com/filename-reserved-regex cache-miss
57 silly fetch manifest strip-outer@^1.0.1
58 silly packumentCache full:https://registry.npmmirror.com/strip-outer cache-miss
59 silly fetch manifest trim-repeated@^1.0.0
60 silly packumentCache full:https://registry.npmmirror.com/trim-repeated cache-miss
61 silly fetch manifest commondir@^1.0.1
62 silly packumentCache full:https://registry.npmmirror.com/commondir cache-miss
63 silly fetch manifest make-dir@^3.0.2
64 silly packumentCache full:https://registry.npmmirror.com/make-dir cache-miss
65 silly fetch manifest pkg-dir@^4.1.0
66 silly packumentCache full:https://registry.npmmirror.com/pkg-dir cache-miss
67 silly fetch manifest graceful-fs@^4.2.0
68 silly packumentCache full:https://registry.npmmirror.com/graceful-fs cache-miss
69 silly fetch manifest jsonfile@^6.0.1
70 silly packumentCache full:https://registry.npmmirror.com/jsonfile cache-miss
71 silly fetch manifest universalify@^2.0.0
72 silly packumentCache full:https://registry.npmmirror.com/universalify cache-miss
73 silly fetch manifest array-union@^2.1.0
74 silly packumentCache full:https://registry.npmmirror.com/array-union cache-miss
75 silly fetch manifest dir-glob@^3.0.1
76 silly packumentCache full:https://registry.npmmirror.com/dir-glob cache-miss
77 silly fetch manifest fast-glob@^3.2.9
78 silly packumentCache full:https://registry.npmmirror.com/fast-glob cache-miss
79 silly fetch manifest ignore@^5.2.0
80 silly packumentCache full:https://registry.npmmirror.com/ignore cache-miss
81 silly fetch manifest merge2@^1.4.1
82 silly packumentCache full:https://registry.npmmirror.com/merge2 cache-miss
83 silly fetch manifest slash@^3.0.0
84 silly packumentCache full:https://registry.npmmirror.com/slash cache-miss
85 http fetch GET 200 https://registry.npmmirror.com/filename-reserved-regex 45ms (cache miss)
86 silly packumentCache full:https://registry.npmmirror.com/filename-reserved-regex set size:2822 disposed:false
87 http fetch GET 200 https://registry.npmmirror.com/commondir 48ms (cache miss)
88 silly packumentCache full:https://registry.npmmirror.com/commondir set size:2313 disposed:false
89 http fetch GET 200 https://registry.npmmirror.com/trim-repeated 49ms (cache miss)
90 silly packumentCache full:https://registry.npmmirror.com/trim-repeated set size:1677 disposed:false
91 http fetch GET 200 https://registry.npmmirror.com/strip-outer 49ms (cache miss)
92 silly packumentCache full:https://registry.npmmirror.com/strip-outer set size:1844 disposed:false
93 http fetch GET 200 https://registry.npmmirror.com/pkg-dir 49ms (cache miss)
94 silly packumentCache full:https://registry.npmmirror.com/pkg-dir set size:6270 disposed:false
95 http fetch GET 200 https://registry.npmmirror.com/graceful-fs 52ms (cache miss)
96 silly packumentCache full:https://registry.npmmirror.com/graceful-fs set size:23015 disposed:false
97 http fetch GET 200 https://registry.npmmirror.com/make-dir 99ms (cache miss)
98 silly packumentCache full:https://registry.npmmirror.com/make-dir set size:6505 disposed:false
99 http fetch GET 200 https://registry.npmmirror.com/array-union 106ms (cache miss)
100 silly packumentCache full:https://registry.npmmirror.com/array-union set size:3535 disposed:false
101 http fetch GET 200 https://registry.npmmirror.com/dir-glob 107ms (cache miss)
102 silly packumentCache full:https://registry.npmmirror.com/dir-glob set size:3995 disposed:false
103 http fetch GET 200 https://registry.npmmirror.com/jsonfile 111ms (cache miss)
104 silly packumentCache full:https://registry.npmmirror.com/jsonfile set size:9901 disposed:false
105 http fetch GET 200 https://registry.npmmirror.com/slash 111ms (cache miss)
106 silly packumentCache full:https://registry.npmmirror.com/slash set size:5617 disposed:false
107 http fetch GET 200 https://registry.npmmirror.com/universalify 113ms (cache miss)
108 silly packumentCache full:https://registry.npmmirror.com/universalify set size:3885 disposed:false
109 http fetch GET 200 https://registry.npmmirror.com/ignore 129ms (cache miss)
110 silly packumentCache full:https://registry.npmmirror.com/ignore set size:40742 disposed:false
111 http fetch GET 200 https://registry.npmmirror.com/merge2 137ms (cache miss)
112 silly packumentCache full:https://registry.npmmirror.com/merge2 set size:8713 disposed:false
113 http fetch GET 200 https://registry.npmmirror.com/fast-glob 159ms (cache miss)
114 silly packumentCache full:https://registry.npmmirror.com/fast-glob set size:33565 disposed:false
115 silly placeDep ROOT filename-reserved-regex@2.0.0 OK for: filenamify@4.3.0 want: ^2.0.0
116 silly placeDep ROOT strip-outer@1.0.1 OK for: filenamify@4.3.0 want: ^1.0.1
117 silly placeDep ROOT trim-repeated@1.0.0 OK for: filenamify@4.3.0 want: ^1.0.0
118 silly fetch manifest escape-string-regexp@^1.0.2
119 silly packumentCache full:https://registry.npmmirror.com/escape-string-regexp cache-miss
120 silly fetch manifest escape-string-regexp@^1.0.2
121 silly packumentCache full:https://registry.npmmirror.com/escape-string-regexp cache-miss
122 http fetch GET 200 https://registry.npmmirror.com/escape-string-regexp 43ms (cache miss)
123 silly packumentCache full:https://registry.npmmirror.com/escape-string-regexp set size:4070 disposed:false
124 http fetch GET 200 https://registry.npmmirror.com/escape-string-regexp 44ms (cache miss)
125 silly packumentCache full:https://registry.npmmirror.com/escape-string-regexp set size:4070 disposed:false
126 silly packumentCache full:https://registry.npmmirror.com/escape-string-regexp dispose
127 silly placeDep ROOT commondir@1.0.1 OK for: find-cache-dir@3.3.2 want: ^1.0.1
128 silly placeDep ROOT make-dir@3.1.0 OK for: find-cache-dir@3.3.2 want: ^3.0.2
129 silly placeDep ROOT pkg-dir@4.2.0 OK for: find-cache-dir@3.3.2 want: ^4.1.0
130 silly fetch manifest semver@^6.0.0
131 silly packumentCache full:https://registry.npmmirror.com/semver cache-miss
132 silly fetch manifest find-up@^4.0.0
133 silly packumentCache full:https://registry.npmmirror.com/find-up cache-miss
134 http fetch GET 200 https://registry.npmmirror.com/semver 59ms (cache miss)
135 silly packumentCache full:https://registry.npmmirror.com/semver set size:45869 disposed:false
136 http fetch GET 200 https://registry.npmmirror.com/find-up 84ms (cache miss)
137 silly packumentCache full:https://registry.npmmirror.com/find-up set size:8955 disposed:false
138 silly placeDep ROOT graceful-fs@4.2.11 OK for: fs-extra@11.3.5 want: ^4.2.0
139 silly placeDep ROOT jsonfile@6.2.1 OK for: fs-extra@11.3.5 want: ^6.0.1
140 silly placeDep ROOT universalify@2.0.1 OK for: fs-extra@11.3.5 want: ^2.0.0
141 silly placeDep ROOT array-union@2.1.0 OK for: globby@11.1.0 want: ^2.1.0
142 silly placeDep ROOT dir-glob@3.0.1 OK for: globby@11.1.0 want: ^3.0.1
143 silly placeDep ROOT fast-glob@3.3.3 OK for: globby@11.1.0 want: ^3.2.9
144 silly placeDep ROOT ignore@5.3.2 OK for: globby@11.1.0 want: ^5.2.0
145 silly placeDep ROOT merge2@1.4.1 OK for: globby@11.1.0 want: ^1.4.1
146 silly placeDep ROOT slash@3.0.0 OK for: globby@11.1.0 want: ^3.0.0
147 silly fetch manifest path-type@^4.0.0
148 silly packumentCache full:https://registry.npmmirror.com/path-type cache-miss
149 silly fetch manifest @nodelib/fs.stat@^2.0.2
150 silly packumentCache full:https://registry.npmmirror.com/@nodelib%2ffs.stat cache-miss
151 silly fetch manifest @nodelib/fs.walk@^1.2.3
152 silly packumentCache full:https://registry.npmmirror.com/@nodelib%2ffs.walk cache-miss
153 silly fetch manifest glob-parent@^5.1.2
154 silly packumentCache full:https://registry.npmmirror.com/glob-parent cache-miss
155 silly fetch manifest merge2@^1.3.0
156 silly packumentCache full:https://registry.npmmirror.com/merge2 cache-hit
157 silly fetch manifest micromatch@^4.0.8
158 silly packumentCache full:https://registry.npmmirror.com/micromatch cache-miss
159 http fetch GET 200 https://registry.npmmirror.com/@nodelib%2ffs.stat 34ms (cache miss)
160 silly packumentCache full:https://registry.npmmirror.com/@nodelib%2ffs.stat set size:6493 disposed:false
161 http fetch GET 200 https://registry.npmmirror.com/glob-parent 34ms (cache miss)
162 silly packumentCache full:https://registry.npmmirror.com/glob-parent set size:7508 disposed:false
163 http fetch GET 200 https://registry.npmmirror.com/@nodelib%2ffs.walk 37ms (cache miss)
164 silly packumentCache full:https://registry.npmmirror.com/@nodelib%2ffs.walk set size:8290 disposed:false
165 http fetch GET 200 https://registry.npmmirror.com/path-type 40ms (cache miss)
166 silly packumentCache full:https://registry.npmmirror.com/path-type set size:3470 disposed:false
167 http fetch GET 200 https://registry.npmmirror.com/micromatch 61ms (cache miss)
168 silly packumentCache full:https://registry.npmmirror.com/micromatch set size:39386 disposed:false
169 silly placeDep ROOT path-type@4.0.0 OK for: dir-glob@3.0.1 want: ^4.0.0
170 silly placeDep ROOT @nodelib/fs.stat@2.0.5 OK for: fast-glob@3.3.3 want: ^2.0.2
171 silly placeDep ROOT @nodelib/fs.walk@1.2.8 OK for: fast-glob@3.3.3 want: ^1.2.3
172 silly placeDep ROOT glob-parent@5.1.2 OK for: fast-glob@3.3.3 want: ^5.1.2
173 silly placeDep ROOT micromatch@4.0.8 OK for: fast-glob@3.3.3 want: ^4.0.8
174 silly fetch manifest @nodelib/fs.scandir@2.1.5
175 silly packumentCache full:https://registry.npmmirror.com/@nodelib%2ffs.scandir cache-miss
176 silly fetch manifest fastq@^1.6.0
177 silly packumentCache full:https://registry.npmmirror.com/fastq cache-miss
178 silly fetch manifest is-glob@^4.0.1
179 silly packumentCache full:https://registry.npmmirror.com/is-glob cache-miss
180 silly fetch manifest braces@^3.0.3
181 silly packumentCache full:https://registry.npmmirror.com/braces cache-miss
182 silly fetch manifest picomatch@^2.3.1
183 silly packumentCache full:https://registry.npmmirror.com/picomatch cache-miss
184 http fetch GET 200 https://registry.npmmirror.com/@nodelib%2ffs.scandir 37ms (cache miss)
185 silly packumentCache full:https://registry.npmmirror.com/@nodelib%2ffs.scandir set size:8538 disposed:false
186 http fetch GET 200 https://registry.npmmirror.com/is-glob 39ms (cache miss)
187 silly packumentCache full:https://registry.npmmirror.com/is-glob set size:7964 disposed:false
188 http fetch GET 200 https://registry.npmmirror.com/braces 42ms (cache miss)
189 silly packumentCache full:https://registry.npmmirror.com/braces set size:22104 disposed:false
190 http fetch GET 200 https://registry.npmmirror.com/picomatch 73ms (cache miss)
191 silly packumentCache full:https://registry.npmmirror.com/picomatch set size:23240 disposed:false
192 http fetch GET 200 https://registry.npmmirror.com/fastq 164ms (cache miss)
193 silly packumentCache full:https://registry.npmmirror.com/fastq set size:15037 disposed:false
194 silly placeDep ROOT @nodelib/fs.scandir@2.1.5 OK for: @nodelib/fs.walk@1.2.8 want: 2.1.5
195 silly placeDep ROOT fastq@1.20.1 OK for: @nodelib/fs.walk@1.2.8 want: ^1.6.0
196 silly fetch manifest run-parallel@^1.1.9
197 silly packumentCache full:https://registry.npmmirror.com/run-parallel cache-miss
198 silly fetch manifest reusify@^1.0.4
199 silly packumentCache full:https://registry.npmmirror.com/reusify cache-miss
200 http fetch GET 200 https://registry.npmmirror.com/reusify 30ms (cache miss)
201 silly packumentCache full:https://registry.npmmirror.com/reusify set size:4443 disposed:false
202 http fetch GET 200 https://registry.npmmirror.com/run-parallel 31ms (cache miss)
203 silly packumentCache full:https://registry.npmmirror.com/run-parallel set size:6674 disposed:false
204 silly placeDep ROOT run-parallel@1.2.0 OK for: @nodelib/fs.scandir@2.1.5 want: ^1.1.9
205 silly fetch manifest queue-microtask@^1.2.2
206 silly packumentCache full:https://registry.npmmirror.com/queue-microtask cache-miss
207 http fetch GET 200 https://registry.npmmirror.com/queue-microtask 31ms (cache miss)
208 silly packumentCache full:https://registry.npmmirror.com/queue-microtask set size:6139 disposed:false
209 silly placeDep ROOT reusify@1.1.0 OK for: fastq@1.20.1 want: ^1.0.4
210 silly placeDep ROOT is-glob@4.0.3 OK for: glob-parent@5.1.2 want: ^4.0.1
211 silly fetch manifest is-extglob@^2.1.1
212 silly packumentCache full:https://registry.npmmirror.com/is-extglob cache-miss
213 http fetch GET 200 https://registry.npmmirror.com/is-extglob 31ms (cache miss)
214 silly packumentCache full:https://registry.npmmirror.com/is-extglob set size:3363 disposed:false
215 silly placeDep ROOT is-extglob@2.1.1 OK for: is-glob@4.0.3 want: ^2.1.1
216 silly placeDep ROOT semver@6.3.1 OK for: make-dir@3.1.0 want: ^6.0.0
217 silly placeDep ROOT braces@3.0.3 OK for: micromatch@4.0.8 want: ^3.0.3
218 silly placeDep ROOT picomatch@2.3.2 OK for: micromatch@4.0.8 want: ^2.3.1
219 silly fetch manifest fill-range@^7.1.1
220 silly packumentCache full:https://registry.npmmirror.com/fill-range cache-miss
221 http fetch GET 200 https://registry.npmmirror.com/fill-range 35ms (cache miss)
222 silly packumentCache full:https://registry.npmmirror.com/fill-range set size:14249 disposed:false
223 silly placeDep ROOT fill-range@7.1.1 OK for: braces@3.0.3 want: ^7.1.1
224 silly fetch manifest to-regex-range@^5.0.1
225 silly packumentCache full:https://registry.npmmirror.com/to-regex-range cache-miss
226 http fetch GET 200 https://registry.npmmirror.com/to-regex-range 30ms (cache miss)
227 silly packumentCache full:https://registry.npmmirror.com/to-regex-range set size:11477 disposed:false
228 silly placeDep ROOT to-regex-range@5.0.1 OK for: fill-range@7.1.1 want: ^5.0.1
229 silly fetch manifest is-number@^7.0.0
230 silly packumentCache full:https://registry.npmmirror.com/is-number cache-miss
231 http fetch GET 200 https://registry.npmmirror.com/is-number 46ms (cache miss)
232 silly packumentCache full:https://registry.npmmirror.com/is-number set size:7889 disposed:false
233 silly placeDep ROOT find-up@4.1.0 OK for: pkg-dir@4.2.0 want: ^4.0.0
234 silly fetch manifest locate-path@^5.0.0
235 silly packumentCache full:https://registry.npmmirror.com/locate-path cache-miss
236 silly fetch manifest path-exists@^4.0.0
237 silly packumentCache full:https://registry.npmmirror.com/path-exists cache-miss
238 http fetch GET 200 https://registry.npmmirror.com/locate-path 44ms (cache miss)
239 silly packumentCache full:https://registry.npmmirror.com/locate-path set size:7506 disposed:false
240 http fetch GET 200 https://registry.npmmirror.com/path-exists 73ms (cache miss)
241 silly packumentCache full:https://registry.npmmirror.com/path-exists set size:3293 disposed:false
242 silly placeDep ROOT locate-path@5.0.0 OK for: find-up@4.1.0 want: ^5.0.0
243 silly placeDep ROOT path-exists@4.0.0 OK for: find-up@4.1.0 want: ^4.0.0
244 silly fetch manifest p-locate@^4.1.0
245 silly packumentCache full:https://registry.npmmirror.com/p-locate cache-miss
246 http fetch GET 200 https://registry.npmmirror.com/p-locate 43ms (cache miss)
247 silly packumentCache full:https://registry.npmmirror.com/p-locate set size:4657 disposed:false
248 silly placeDep ROOT p-locate@4.1.0 OK for: locate-path@5.0.0 want: ^4.1.0
249 silly fetch manifest p-limit@^2.2.0
250 silly packumentCache full:https://registry.npmmirror.com/p-limit cache-miss
251 http fetch GET 200 https://registry.npmmirror.com/p-limit 38ms (cache miss)
252 silly packumentCache full:https://registry.npmmirror.com/p-limit set size:10936 disposed:false
253 silly placeDep ROOT p-limit@2.3.0 OK for: p-locate@4.1.0 want: ^2.2.0
254 silly fetch manifest p-try@^2.0.0
255 silly packumentCache full:https://registry.npmmirror.com/p-try cache-miss
256 http fetch GET 200 https://registry.npmmirror.com/p-try 80ms (cache miss)
257 silly packumentCache full:https://registry.npmmirror.com/p-try set size:3142 disposed:false
258 silly placeDep ROOT p-try@2.2.0 OK for: p-limit@2.3.0 want: ^2.0.0
259 silly placeDep ROOT queue-microtask@1.2.3 OK for: run-parallel@1.2.0 want: ^1.2.2
260 silly placeDep ROOT escape-string-regexp@1.0.5 OK for: strip-outer@1.0.1 want: ^1.0.2
261 silly placeDep ROOT is-number@7.0.0 OK for: to-regex-range@5.0.1 want: ^7.0.0
262 silly reify moves {}
263 silly audit bulk request {
263 silly audit   '@babel/helper-string-parser': [ '7.29.7' ],
263 silly audit   '@babel/helper-validator-identifier': [ '7.29.7' ],
263 silly audit   '@babel/parser': [ '7.29.7' ],
263 silly audit   '@babel/types': [ '7.29.7' ],
263 silly audit   '@esbuild/aix-ppc64': [ '0.21.5' ],
263 silly audit   '@esbuild/android-arm': [ '0.21.5' ],
263 silly audit   '@esbuild/android-arm64': [ '0.21.5' ],
263 silly audit   '@esbuild/android-x64': [ '0.21.5' ],
263 silly audit   '@esbuild/darwin-arm64': [ '0.21.5' ],
263 silly audit   '@esbuild/darwin-x64': [ '0.21.5' ],
263 silly audit   '@esbuild/freebsd-arm64': [ '0.21.5' ],
263 silly audit   '@esbuild/freebsd-x64': [ '0.21.5' ],
263 silly audit   '@esbuild/linux-arm': [ '0.21.5' ],
263 silly audit   '@esbuild/linux-arm64': [ '0.21.5' ],
263 silly audit   '@esbuild/linux-ia32': [ '0.21.5' ],
263 silly audit   '@esbuild/linux-loong64': [ '0.21.5' ],
263 silly audit   '@esbuild/linux-mips64el': [ '0.21.5' ],
263 silly audit   '@esbuild/linux-ppc64': [ '0.21.5' ],
263 silly audit   '@esbuild/linux-riscv64': [ '0.21.5' ],
263 silly audit   '@esbuild/linux-s390x': [ '0.21.5' ],
263 silly audit   '@esbuild/linux-x64': [ '0.21.5' ],
263 silly audit   '@esbuild/netbsd-x64': [ '0.21.5' ],
263 silly audit   '@esbuild/openbsd-x64': [ '0.21.5' ],
263 silly audit   '@esbuild/sunos-x64': [ '0.21.5' ],
263 silly audit   '@esbuild/win32-arm64': [ '0.21.5' ],
263 silly audit   '@esbuild/win32-ia32': [ '0.21.5' ],
263 silly audit   '@esbuild/win32-x64': [ '0.21.5' ],
263 silly audit   '@jridgewell/sourcemap-codec': [ '1.5.5' ],
263 silly audit   '@rollup/rollup-android-arm-eabi': [ '4.60.4' ],
263 silly audit   '@rollup/rollup-android-arm64': [ '4.60.4' ],
263 silly audit   '@rollup/rollup-darwin-arm64': [ '4.60.4' ],
263 silly audit   '@rollup/rollup-darwin-x64': [ '4.60.4' ],
263 silly audit   '@rollup/rollup-freebsd-arm64': [ '4.60.4' ],
263 silly audit   '@rollup/rollup-freebsd-x64': [ '4.60.4' ],
263 silly audit   '@rollup/rollup-linux-arm-gnueabihf': [ '4.60.4' ],
263 silly audit   '@rollup/rollup-linux-arm-musleabihf': [ '4.60.4' ],
263 silly audit   '@rollup/rollup-linux-arm64-gnu': [ '4.60.4' ],
263 silly audit   '@rollup/rollup-linux-arm64-musl': [ '4.60.4' ],
263 silly audit   '@rollup/rollup-linux-loong64-gnu': [ '4.60.4' ],
263 silly audit   '@rollup/rollup-linux-loong64-musl': [ '4.60.4' ],
263 silly audit   '@rollup/rollup-linux-ppc64-gnu': [ '4.60.4' ],
263 silly audit   '@rollup/rollup-linux-ppc64-musl': [ '4.60.4' ],
263 silly audit   '@rollup/rollup-linux-riscv64-gnu': [ '4.60.4' ],
263 silly audit   '@rollup/rollup-linux-riscv64-musl': [ '4.60.4' ],
263 silly audit   '@rollup/rollup-linux-s390x-gnu': [ '4.60.4' ],
263 silly audit   '@rollup/rollup-linux-x64-gnu': [ '4.60.4' ],
263 silly audit   '@rollup/rollup-linux-x64-musl': [ '4.60.4' ],
263 silly audit   '@rollup/rollup-openbsd-x64': [ '4.60.4' ],
263 silly audit   '@rollup/rollup-openharmony-arm64': [ '4.60.4' ],
263 silly audit   '@rollup/rollup-win32-arm64-msvc': [ '4.60.4' ],
263 silly audit   '@rollup/rollup-win32-ia32-msvc': [ '4.60.4' ],
263 silly audit   '@rollup/rollup-win32-x64-gnu': [ '4.60.4' ],
263 silly audit   '@rollup/rollup-win32-x64-msvc': [ '4.60.4' ],
263 silly audit   '@types/estree': [ '1.0.8' ],
263 silly audit   '@vitejs/plugin-vue': [ '5.2.4' ],
263 silly audit   '@vue/compiler-core': [ '3.5.34' ],
263 silly audit   '@vue/compiler-dom': [ '3.5.34' ],
263 silly audit   '@vue/compiler-sfc': [ '3.5.34' ],
263 silly audit   '@vue/compiler-ssr': [ '3.5.34' ],
263 silly audit   '@vue/reactivity': [ '3.5.34' ],
263 silly audit   '@vue/runtime-core': [ '3.5.34' ],
263 silly audit   '@vue/runtime-dom': [ '3.5.34' ],
263 silly audit   '@vue/server-renderer': [ '3.5.34' ],
263 silly audit   '@vue/shared': [ '3.5.34' ],
263 silly audit   csstype: [ '3.2.3' ],
263 silly audit   echarts: [ '5.6.0' ],
263 silly audit   entities: [ '7.0.1' ],
263 silly audit   esbuild: [ '0.21.5' ],
263 silly audit   'estree-walker': [ '2.0.2' ],
263 silly audit   fsevents: [ '2.3.3' ],
263 silly audit   'magic-string': [ '0.30.21' ],
263 silly audit   nanoid: [ '3.3.12' ],
263 silly audit   picocolors: [ '1.1.1' ],
263 silly audit   postcss: [ '8.5.15' ],
263 silly audit   rollup: [ '4.60.4' ],
263 silly audit   'source-map-js': [ '1.2.1' ],
263 silly audit   tslib: [ '2.3.0' ],
263 silly audit   vite: [ '5.4.21' ],
263 silly audit   vue: [ '3.5.34' ],
263 silly audit   zrender: [ '5.6.1' ],
263 silly audit   'gh-pages': [ '6.3.0' ],
263 silly audit   async: [ '3.2.6' ],
263 silly audit   commander: [ '13.1.0' ],
263 silly audit   'email-addresses': [ '5.0.0' ],
263 silly audit   filenamify: [ '4.3.0' ],
263 silly audit   'find-cache-dir': [ '3.3.2' ],
263 silly audit   'fs-extra': [ '11.3.5' ],
263 silly audit   globby: [ '11.1.0' ],
263 silly audit   'filename-reserved-regex': [ '2.0.0' ],
263 silly audit   'strip-outer': [ '1.0.1' ],
263 silly audit   'trim-repeated': [ '1.0.0' ],
263 silly audit   commondir: [ '1.0.1' ],
263 silly audit   'make-dir': [ '3.1.0' ],
263 silly audit   'pkg-dir': [ '4.2.0' ],
263 silly audit   'graceful-fs': [ '4.2.11' ],
263 silly audit   jsonfile: [ '6.2.1' ],
263 silly audit   universalify: [ '2.0.1' ],
263 silly audit   'array-union': [ '2.1.0' ],
263 silly audit   'dir-glob': [ '3.0.1' ],
263 silly audit   'fast-glob': [ '3.3.3' ],
263 silly audit   ignore: [ '5.3.2' ],
263 silly audit   merge2: [ '1.4.1' ],
263 silly audit   slash: [ '3.0.0' ],
263 silly audit   'path-type': [ '4.0.0' ],
263 silly audit   '@nodelib/fs.stat': [ '2.0.5' ],
263 silly audit   '@nodelib/fs.walk': [ '1.2.8' ],
263 silly audit   'glob-parent': [ '5.1.2' ],
263 silly audit   micromatch: [ '4.0.8' ],
263 silly audit   '@nodelib/fs.scandir': [ '2.1.5' ],
263 silly audit   fastq: [ '1.20.1' ],
263 silly audit   'run-parallel': [ '1.2.0' ],
263 silly audit   reusify: [ '1.1.0' ],
263 silly audit   'is-glob': [ '4.0.3' ],
263 silly audit   'is-extglob': [ '2.1.1' ],
263 silly audit   semver: [ '6.3.1' ],
263 silly audit   braces: [ '3.0.3' ],
263 silly audit   picomatch: [ '2.3.2' ],
263 silly audit   'fill-range': [ '7.1.1' ],
263 silly audit   'to-regex-range': [ '5.0.1' ],
263 silly audit   'find-up': [ '4.1.0' ],
263 silly audit   'locate-path': [ '5.0.0' ],
263 silly audit   'path-exists': [ '4.0.0' ],
263 silly audit   'p-locate': [ '4.1.0' ],
263 silly audit   'p-limit': [ '2.3.0' ],
263 silly audit   'p-try': [ '2.2.0' ],
263 silly audit   'queue-microtask': [ '1.2.3' ],
263 silly audit   'escape-string-regexp': [ '1.0.5' ],
263 silly audit   'is-number': [ '7.0.0' ]
263 silly audit }
264 http cache queue-microtask@https://registry.npmmirror.com/queue-microtask/-/queue-microtask-1.2.3.tgz 0ms (cache hit)
265 http cache escape-string-regexp@https://registry.npmmirror.com/escape-string-regexp/-/escape-string-regexp-1.0.5.tgz 0ms (cache hit)
266 http cache is-number@https://registry.npmmirror.com/is-number/-/is-number-7.0.0.tgz 0ms (cache hit)
267 http cache p-try@https://registry.npmmirror.com/p-try/-/p-try-2.2.0.tgz 0ms (cache hit)
268 http cache p-limit@https://registry.npmmirror.com/p-limit/-/p-limit-2.3.0.tgz 0ms (cache hit)
269 http cache find-up@https://registry.npmmirror.com/find-up/-/find-up-4.1.0.tgz 0ms (cache hit)
270 http cache path-exists@https://registry.npmmirror.com/path-exists/-/path-exists-4.0.0.tgz 0ms (cache hit)
271 http cache p-locate@https://registry.npmmirror.com/p-locate/-/p-locate-4.1.0.tgz 0ms (cache hit)
272 http cache to-regex-range@https://registry.npmmirror.com/to-regex-range/-/to-regex-range-5.0.1.tgz 0ms (cache hit)
273 http cache fill-range@https://registry.npmmirror.com/fill-range/-/fill-range-7.1.1.tgz 0ms (cache hit)
274 http cache picomatch@https://registry.npmmirror.com/picomatch/-/picomatch-2.3.2.tgz 0ms (cache hit)
275 http cache locate-path@https://registry.npmmirror.com/locate-path/-/locate-path-5.0.0.tgz 0ms (cache hit)
276 http cache semver@https://registry.npmmirror.com/semver/-/semver-6.3.1.tgz 0ms (cache hit)
277 http cache is-extglob@https://registry.npmmirror.com/is-extglob/-/is-extglob-2.1.1.tgz 0ms (cache hit)
278 http cache is-glob@https://registry.npmmirror.com/is-glob/-/is-glob-4.0.3.tgz 0ms (cache hit)
279 http cache reusify@https://registry.npmmirror.com/reusify/-/reusify-1.1.0.tgz 0ms (cache hit)
280 http cache @nodelib/fs.scandir@https://registry.npmmirror.com/@nodelib/fs.scandir/-/fs.scandir-2.1.5.tgz 0ms (cache hit)
281 http cache run-parallel@https://registry.npmmirror.com/run-parallel/-/run-parallel-1.2.0.tgz 0ms (cache hit)
282 http cache @nodelib/fs.walk@https://registry.npmmirror.com/@nodelib/fs.walk/-/fs.walk-1.2.8.tgz 0ms (cache hit)
283 http cache micromatch@https://registry.npmmirror.com/micromatch/-/micromatch-4.0.8.tgz 0ms (cache hit)
284 http cache glob-parent@https://registry.npmmirror.com/glob-parent/-/glob-parent-5.1.2.tgz 0ms (cache hit)
285 http cache @nodelib/fs.stat@https://registry.npmmirror.com/@nodelib/fs.stat/-/fs.stat-2.0.5.tgz 0ms (cache hit)
286 http cache fastq@https://registry.npmmirror.com/fastq/-/fastq-1.20.1.tgz 0ms (cache hit)
287 http cache braces@https://registry.npmmirror.com/braces/-/braces-3.0.3.tgz 0ms (cache hit)
288 http cache path-type@https://registry.npmmirror.com/path-type/-/path-type-4.0.0.tgz 0ms (cache hit)
289 http cache slash@https://registry.npmmirror.com/slash/-/slash-3.0.0.tgz 0ms (cache hit)
290 http cache fast-glob@https://registry.npmmirror.com/fast-glob/-/fast-glob-3.3.3.tgz 0ms (cache hit)
291 http cache merge2@https://registry.npmmirror.com/merge2/-/merge2-1.4.1.tgz 0ms (cache hit)
292 http cache dir-glob@https://registry.npmmirror.com/dir-glob/-/dir-glob-3.0.1.tgz 0ms (cache hit)
293 http cache array-union@https://registry.npmmirror.com/array-union/-/array-union-2.1.0.tgz 0ms (cache hit)
294 http cache ignore@https://registry.npmmirror.com/ignore/-/ignore-5.3.2.tgz 0ms (cache hit)
295 http cache universalify@https://registry.npmmirror.com/universalify/-/universalify-2.0.1.tgz 0ms (cache hit)
296 http cache graceful-fs@https://registry.npmmirror.com/graceful-fs/-/graceful-fs-4.2.11.tgz 0ms (cache hit)
297 http cache jsonfile@https://registry.npmmirror.com/jsonfile/-/jsonfile-6.2.1.tgz 0ms (cache hit)
298 http cache pkg-dir@https://registry.npmmirror.com/pkg-dir/-/pkg-dir-4.2.0.tgz 0ms (cache hit)
299 http cache make-dir@https://registry.npmmirror.com/make-dir/-/make-dir-3.1.0.tgz 0ms (cache hit)
300 http cache commondir@https://registry.npmmirror.com/commondir/-/commondir-1.0.1.tgz 0ms (cache hit)
301 http cache trim-repeated@https://registry.npmmirror.com/trim-repeated/-/trim-repeated-1.0.0.tgz 0ms (cache hit)
302 http cache strip-outer@https://registry.npmmirror.com/strip-outer/-/strip-outer-1.0.1.tgz 0ms (cache hit)
303 http cache fs-extra@https://registry.npmmirror.com/fs-extra/-/fs-extra-11.3.5.tgz 0ms (cache hit)
304 http cache globby@https://registry.npmmirror.com/globby/-/globby-11.1.0.tgz 0ms (cache hit)
305 http cache filename-reserved-regex@https://registry.npmmirror.com/filename-reserved-regex/-/filename-reserved-regex-2.0.0.tgz 0ms (cache hit)
306 http cache find-cache-dir@https://registry.npmmirror.com/find-cache-dir/-/find-cache-dir-3.3.2.tgz 0ms (cache hit)
307 http cache email-addresses@https://registry.npmmirror.com/email-addresses/-/email-addresses-5.0.0.tgz 0ms (cache hit)
308 http cache filenamify@https://registry.npmmirror.com/filenamify/-/filenamify-4.3.0.tgz 0ms (cache hit)
309 silly tarball no local data for queue-microtask@https://registry.npmmirror.com/queue-microtask/-/queue-microtask-1.2.3.tgz. Extracting by manifest.
310 silly tarball no local data for escape-string-regexp@https://registry.npmmirror.com/escape-string-regexp/-/escape-string-regexp-1.0.5.tgz. Extracting by manifest.
311 silly tarball no local data for is-number@https://registry.npmmirror.com/is-number/-/is-number-7.0.0.tgz. Extracting by manifest.
312 silly tarball no local data for p-try@https://registry.npmmirror.com/p-try/-/p-try-2.2.0.tgz. Extracting by manifest.
313 silly tarball no local data for p-limit@https://registry.npmmirror.com/p-limit/-/p-limit-2.3.0.tgz. Extracting by manifest.
314 silly tarball no local data for find-up@https://registry.npmmirror.com/find-up/-/find-up-4.1.0.tgz. Extracting by manifest.
315 silly tarball no local data for path-exists@https://registry.npmmirror.com/path-exists/-/path-exists-4.0.0.tgz. Extracting by manifest.
316 silly tarball no local data for p-locate@https://registry.npmmirror.com/p-locate/-/p-locate-4.1.0.tgz. Extracting by manifest.
317 silly tarball no local data for to-regex-range@https://registry.npmmirror.com/to-regex-range/-/to-regex-range-5.0.1.tgz. Extracting by manifest.
318 silly tarball no local data for fill-range@https://registry.npmmirror.com/fill-range/-/fill-range-7.1.1.tgz. Extracting by manifest.
319 silly tarball no local data for picomatch@https://registry.npmmirror.com/picomatch/-/picomatch-2.3.2.tgz. Extracting by manifest.
320 silly tarball no local data for locate-path@https://registry.npmmirror.com/locate-path/-/locate-path-5.0.0.tgz. Extracting by manifest.
321 silly tarball no local data for semver@https://registry.npmmirror.com/semver/-/semver-6.3.1.tgz. Extracting by manifest.
322 silly tarball no local data for is-extglob@https://registry.npmmirror.com/is-extglob/-/is-extglob-2.1.1.tgz. Extracting by manifest.
323 silly tarball no local data for is-glob@https://registry.npmmirror.com/is-glob/-/is-glob-4.0.3.tgz. Extracting by manifest.
324 silly tarball no local data for reusify@https://registry.npmmirror.com/reusify/-/reusify-1.1.0.tgz. Extracting by manifest.
325 silly tarball no local data for @nodelib/fs.scandir@https://registry.npmmirror.com/@nodelib/fs.scandir/-/fs.scandir-2.1.5.tgz. Extracting by manifest.
326 silly tarball no local data for run-parallel@https://registry.npmmirror.com/run-parallel/-/run-parallel-1.2.0.tgz. Extracting by manifest.
327 http cache commander@https://registry.npmmirror.com/commander/-/commander-13.1.0.tgz 0ms (cache hit)
328 http cache gh-pages@https://registry.npmmirror.com/gh-pages/-/gh-pages-6.3.0.tgz 0ms (cache hit)
329 silly tarball no local data for @nodelib/fs.walk@https://registry.npmmirror.com/@nodelib/fs.walk/-/fs.walk-1.2.8.tgz. Extracting by manifest.
330 silly tarball no local data for micromatch@https://registry.npmmirror.com/micromatch/-/micromatch-4.0.8.tgz. Extracting by manifest.
331 silly tarball no local data for glob-parent@https://registry.npmmirror.com/glob-parent/-/glob-parent-5.1.2.tgz. Extracting by manifest.
332 silly tarball no local data for @nodelib/fs.stat@https://registry.npmmirror.com/@nodelib/fs.stat/-/fs.stat-2.0.5.tgz. Extracting by manifest.
333 silly tarball no local data for fastq@https://registry.npmmirror.com/fastq/-/fastq-1.20.1.tgz. Extracting by manifest.
334 silly tarball no local data for braces@https://registry.npmmirror.com/braces/-/braces-3.0.3.tgz. Extracting by manifest.
335 silly tarball no local data for path-type@https://registry.npmmirror.com/path-type/-/path-type-4.0.0.tgz. Extracting by manifest.
336 silly tarball no local data for slash@https://registry.npmmirror.com/slash/-/slash-3.0.0.tgz. Extracting by manifest.
337 silly tarball no local data for fast-glob@https://registry.npmmirror.com/fast-glob/-/fast-glob-3.3.3.tgz. Extracting by manifest.
338 silly tarball no local data for merge2@https://registry.npmmirror.com/merge2/-/merge2-1.4.1.tgz. Extracting by manifest.
339 silly tarball no local data for dir-glob@https://registry.npmmirror.com/dir-glob/-/dir-glob-3.0.1.tgz. Extracting by manifest.
340 silly tarball no local data for array-union@https://registry.npmmirror.com/array-union/-/array-union-2.1.0.tgz. Extracting by manifest.
341 silly tarball no local data for ignore@https://registry.npmmirror.com/ignore/-/ignore-5.3.2.tgz. Extracting by manifest.
342 silly tarball no local data for universalify@https://registry.npmmirror.com/universalify/-/universalify-2.0.1.tgz. Extracting by manifest.
343 silly tarball no local data for graceful-fs@https://registry.npmmirror.com/graceful-fs/-/graceful-fs-4.2.11.tgz. Extracting by manifest.
344 silly tarball no local data for jsonfile@https://registry.npmmirror.com/jsonfile/-/jsonfile-6.2.1.tgz. Extracting by manifest.
345 silly tarball no local data for pkg-dir@https://registry.npmmirror.com/pkg-dir/-/pkg-dir-4.2.0.tgz. Extracting by manifest.
346 silly tarball no local data for make-dir@https://registry.npmmirror.com/make-dir/-/make-dir-3.1.0.tgz. Extracting by manifest.
347 silly tarball no local data for commondir@https://registry.npmmirror.com/commondir/-/commondir-1.0.1.tgz. Extracting by manifest.
348 silly tarball no local data for trim-repeated@https://registry.npmmirror.com/trim-repeated/-/trim-repeated-1.0.0.tgz. Extracting by manifest.
349 silly tarball no local data for strip-outer@https://registry.npmmirror.com/strip-outer/-/strip-outer-1.0.1.tgz. Extracting by manifest.
350 silly tarball no local data for fs-extra@https://registry.npmmirror.com/fs-extra/-/fs-extra-11.3.5.tgz. Extracting by manifest.
351 silly tarball no local data for globby@https://registry.npmmirror.com/globby/-/globby-11.1.0.tgz. Extracting by manifest.
352 silly tarball no local data for filename-reserved-regex@https://registry.npmmirror.com/filename-reserved-regex/-/filename-reserved-regex-2.0.0.tgz. Extracting by manifest.
353 silly tarball no local data for find-cache-dir@https://registry.npmmirror.com/find-cache-dir/-/find-cache-dir-3.3.2.tgz. Extracting by manifest.
354 silly tarball no local data for email-addresses@https://registry.npmmirror.com/email-addresses/-/email-addresses-5.0.0.tgz. Extracting by manifest.
355 silly tarball no local data for filenamify@https://registry.npmmirror.com/filenamify/-/filenamify-4.3.0.tgz. Extracting by manifest.
356 http cache async@https://registry.npmmirror.com/async/-/async-3.2.6.tgz 0ms (cache hit)
357 silly tarball no local data for commander@https://registry.npmmirror.com/commander/-/commander-13.1.0.tgz. Extracting by manifest.
358 silly tarball no local data for gh-pages@https://registry.npmmirror.com/gh-pages/-/gh-pages-6.3.0.tgz. Extracting by manifest.
359 http fetch POST 404 https://registry.npmmirror.com/-/npm/v1/security/advisories/bulk 45ms
360 verbose audit error HttpErrorGeneral: 404 Not Found - POST https://registry.npmmirror.com/-/npm/v1/security/advisories/bulk - [NOT_IMPLEMENTED] /-/npm/v1/security/* not implemented yet
360 verbose audit error     at E:\Program Files\nodejs\node_modules\npm\node_modules\npm-registry-fetch\lib\check-response.js:103:15
360 verbose audit error     at process.processTicksAndRejections (node:internal/process/task_queues:103:5)
360 verbose audit error     at async #getReport (E:\Program Files\nodejs\node_modules\npm\node_modules\@npmcli\arborist\lib\audit-report.js:275:19)
360 verbose audit error     at async AuditReport.run (E:\Program Files\nodejs\node_modules\npm\node_modules\@npmcli\arborist\lib\audit-report.js:100:19) {
360 verbose audit error   headers: [Object: null prototype] {
360 verbose audit error     server: [ 'Tengine' ],
360 verbose audit error     date: [ 'Tue, 26 May 2026 13:46:25 GMT' ],
360 verbose audit error     'content-type': [ 'application/json' ],
360 verbose audit error     'transfer-encoding': [ 'chunked' ],
360 verbose audit error     connection: [ 'keep-alive' ],
360 verbose audit error     'strict-transport-security': [ 'max-age=5184000' ],
360 verbose audit error     via: [ 'kunlun7.cn5230[,404666]' ],
360 verbose audit error     'timing-allow-origin': [ '*' ],
360 verbose audit error     eagleid: [ '6f30472417798031855382494e' ],
360 verbose audit error     'x-fetch-attempts': [ '1' ]
360 verbose audit error   },
360 verbose audit error   statusCode: 404,
360 verbose audit error   code: 'E404',
360 verbose audit error   method: 'POST',
360 verbose audit error   uri: 'https://registry.npmmirror.com/-/npm/v1/security/advisories/bulk',
360 verbose audit error   body: {
360 verbose audit error     error: '[NOT_IMPLEMENTED] /-/npm/v1/security/* not implemented yet'
360 verbose audit error   },
360 verbose audit error   pkgid: undefined
360 verbose audit error }
361 silly audit error [object Object]
362 silly audit report null
363 silly tarball no local data for async@https://registry.npmmirror.com/async/-/async-3.2.6.tgz. Extracting by manifest.
364 http fetch GET 200 https://cdn.npmmirror.com/packages/queue-microtask/1.2.3/queue-microtask-1.2.3.tgz 214ms (cache miss)
365 http fetch GET 200 https://cdn.npmmirror.com/packages/locate-path/5.0.0/locate-path-5.0.0.tgz 214ms (cache miss)
366 http fetch GET 200 https://cdn.npmmirror.com/packages/is-glob/4.0.3/is-glob-4.0.3.tgz 214ms (cache miss)
367 http fetch GET 200 https://cdn.npmmirror.com/packages/find-up/4.1.0/find-up-4.1.0.tgz 218ms (cache miss)
368 http fetch GET 200 https://cdn.npmmirror.com/packages/fill-range/7.1.1/fill-range-7.1.1.tgz 216ms (cache miss)
369 http fetch GET 200 https://cdn.npmmirror.com/packages/p-limit/2.3.0/p-limit-2.3.0.tgz 220ms (cache miss)
370 http fetch GET 200 https://cdn.npmmirror.com/packages/%40nodelib/fs.walk/1.2.8/fs.walk-1.2.8.tgz 216ms (cache miss)
371 http fetch GET 200 https://cdn.npmmirror.com/packages/to-regex-range/5.0.1/to-regex-range-5.0.1.tgz 219ms (cache miss)
372 http fetch GET 200 https://cdn.npmmirror.com/packages/escape-string-regexp/1.0.5/escape-string-regexp-1.0.5.tgz 223ms (cache miss)
373 http fetch GET 200 https://cdn.npmmirror.com/packages/%40nodelib/fs.stat/2.0.5/fs.stat-2.0.5.tgz 217ms (cache miss)
374 http fetch GET 200 https://cdn.npmmirror.com/packages/p-locate/4.1.0/p-locate-4.1.0.tgz 221ms (cache miss)
375 http fetch GET 200 https://cdn.npmmirror.com/packages/path-exists/4.0.0/path-exists-4.0.0.tgz 222ms (cache miss)
376 http fetch GET 200 https://cdn.npmmirror.com/packages/%40nodelib/fs.scandir/2.1.5/fs.scandir-2.1.5.tgz 219ms (cache miss)
377 http fetch GET 200 https://cdn.npmmirror.com/packages/is-number/7.0.0/is-number-7.0.0.tgz 225ms (cache miss)
378 http fetch GET 200 https://cdn.npmmirror.com/packages/merge2/1.4.1/merge2-1.4.1.tgz 217ms (cache miss)
379 http fetch GET 200 https://cdn.npmmirror.com/packages/run-parallel/1.2.0/run-parallel-1.2.0.tgz 220ms (cache miss)
380 http fetch GET 200 https://cdn.npmmirror.com/packages/path-type/4.0.0/path-type-4.0.0.tgz 220ms (cache miss)
381 http fetch GET 200 https://cdn.npmmirror.com/packages/glob-parent/5.1.2/glob-parent-5.1.2.tgz 221ms (cache miss)
382 http fetch GET 200 https://cdn.npmmirror.com/packages/p-try/2.2.0/p-try-2.2.0.tgz 226ms (cache miss)
383 http fetch GET 200 https://cdn.npmmirror.com/packages/reusify/1.1.0/reusify-1.1.0.tgz 223ms (cache miss)
384 http fetch GET 200 https://cdn.npmmirror.com/packages/braces/3.0.3/braces-3.0.3.tgz 222ms (cache miss)
385 http fetch GET 200 https://cdn.npmmirror.com/packages/micromatch/4.0.8/micromatch-4.0.8.tgz 224ms (cache miss)
386 http fetch GET 200 https://cdn.npmmirror.com/packages/is-extglob/2.1.1/is-extglob-2.1.1.tgz 227ms (cache miss)
387 http fetch GET 200 https://cdn.npmmirror.com/packages/slash/3.0.0/slash-3.0.0.tgz 226ms (cache miss)
388 http fetch GET 200 https://cdn.npmmirror.com/packages/semver/6.3.1/semver-6.3.1.tgz 233ms (cache miss)
389 http fetch GET 200 https://cdn.npmmirror.com/packages/dir-glob/3.0.1/dir-glob-3.0.1.tgz 230ms (cache miss)
390 http fetch GET 200 https://cdn.npmmirror.com/packages/graceful-fs/4.2.11/graceful-fs-4.2.11.tgz 237ms (cache miss)
391 http fetch GET 200 https://cdn.npmmirror.com/packages/universalify/2.0.1/universalify-2.0.1.tgz 237ms (cache miss)
392 http fetch GET 200 https://cdn.npmmirror.com/packages/jsonfile/6.2.1/jsonfile-6.2.1.tgz 238ms (cache miss)
393 http fetch GET 200 https://cdn.npmmirror.com/packages/trim-repeated/1.0.0/trim-repeated-1.0.0.tgz 238ms (cache miss)
394 http fetch GET 200 https://cdn.npmmirror.com/packages/make-dir/3.1.0/make-dir-3.1.0.tgz 242ms (cache miss)
395 http fetch GET 200 https://cdn.npmmirror.com/packages/picomatch/2.3.2/picomatch-2.3.2.tgz 250ms (cache miss)
396 http fetch GET 200 https://cdn.npmmirror.com/packages/pkg-dir/4.2.0/pkg-dir-4.2.0.tgz 243ms (cache miss)
397 http fetch GET 200 https://cdn.npmmirror.com/packages/strip-outer/1.0.1/strip-outer-1.0.1.tgz 243ms (cache miss)
398 http fetch GET 200 https://cdn.npmmirror.com/packages/filename-reserved-regex/2.0.0/filename-reserved-regex-2.0.0.tgz 246ms (cache miss)
399 http fetch GET 200 https://cdn.npmmirror.com/packages/globby/11.1.0/globby-11.1.0.tgz 246ms (cache miss)
400 http fetch GET 200 https://cdn.npmmirror.com/packages/fastq/1.20.1/fastq-1.20.1.tgz 254ms (cache miss)
401 http fetch GET 200 https://cdn.npmmirror.com/packages/find-cache-dir/3.3.2/find-cache-dir-3.3.2.tgz 257ms (cache miss)
402 http fetch GET 200 https://cdn.npmmirror.com/packages/array-union/2.1.0/array-union-2.1.0.tgz 267ms (cache miss)
403 http fetch GET 200 https://cdn.npmmirror.com/packages/commondir/1.0.1/commondir-1.0.1.tgz 270ms (cache miss)
404 http fetch GET 200 https://cdn.npmmirror.com/packages/ignore/5.3.2/ignore-5.3.2.tgz 274ms (cache miss)
405 http fetch GET 200 https://cdn.npmmirror.com/packages/fs-extra/11.3.5/fs-extra-11.3.5.tgz 286ms (cache miss)
406 http fetch GET 200 https://cdn.npmmirror.com/packages/filenamify/4.3.0/filenamify-4.3.0.tgz 289ms (cache miss)
407 http fetch GET 200 https://cdn.npmmirror.com/packages/fast-glob/3.3.3/fast-glob-3.3.3.tgz 305ms (cache miss)
408 http fetch GET 200 https://cdn.npmmirror.com/packages/commander/13.1.0/commander-13.1.0.tgz 306ms (cache miss)
409 http fetch GET 200 https://cdn.npmmirror.com/packages/gh-pages/6.3.0/gh-pages-6.3.0.tgz 315ms (cache miss)
410 http fetch GET 200 https://cdn.npmmirror.com/packages/email-addresses/5.0.0/email-addresses-5.0.0.tgz 357ms (cache miss)
411 http fetch GET 200 https://cdn.npmmirror.com/packages/async/3.2.6/async-3.2.6.tgz 404ms (cache miss)
412 silly ADD node_modules/is-number
413 silly ADD node_modules/escape-string-regexp
414 silly ADD node_modules/queue-microtask
415 silly ADD node_modules/p-try
416 silly ADD node_modules/p-limit
417 silly ADD node_modules/p-locate
418 silly ADD node_modules/path-exists
419 silly ADD node_modules/locate-path
420 silly ADD node_modules/find-up
421 silly ADD node_modules/to-regex-range
422 silly ADD node_modules/fill-range
423 silly ADD node_modules/picomatch
424 silly ADD node_modules/braces
425 silly ADD node_modules/semver
426 silly ADD node_modules/is-extglob
427 silly ADD node_modules/is-glob
428 silly ADD node_modules/reusify
429 silly ADD node_modules/run-parallel
430 silly ADD node_modules/fastq
431 silly ADD node_modules/@nodelib/fs.scandir
432 silly ADD node_modules/micromatch
433 silly ADD node_modules/glob-parent
434 silly ADD node_modules/@nodelib/fs.walk
435 silly ADD node_modules/@nodelib/fs.stat
436 silly ADD node_modules/path-type
437 silly ADD node_modules/slash
438 silly ADD node_modules/merge2
439 silly ADD node_modules/ignore
440 silly ADD node_modules/fast-glob
441 silly ADD node_modules/dir-glob
442 silly ADD node_modules/array-union
443 silly ADD node_modules/universalify
444 silly ADD node_modules/jsonfile
445 silly ADD node_modules/graceful-fs
446 silly ADD node_modules/pkg-dir
447 silly ADD node_modules/make-dir
448 silly ADD node_modules/commondir
449 silly ADD node_modules/trim-repeated
450 silly ADD node_modules/strip-outer
451 silly ADD node_modules/filename-reserved-regex
452 silly ADD node_modules/globby
453 silly ADD node_modules/fs-extra
454 silly ADD node_modules/find-cache-dir
455 silly ADD node_modules/filenamify
456 silly ADD node_modules/email-addresses
457 silly ADD node_modules/commander
458 silly ADD node_modules/async
459 silly ADD node_modules/gh-pages
460 verbose cwd E:\红色可视化
461 verbose os Windows_NT 10.0.26200
462 verbose node v25.2.0
463 verbose npm  v11.6.2
464 verbose exit 0
465 info ok
